<?xml version="1.0" encoding="UTF-8"?>
<coverage generated="1470329991">
  <project timestamp="1470329991">
    <package name="Gregoriohc\Kaleidoscope">
      <file name="/Users/gregoriohc/dev/code/web/devpackages/wendor/gregoriohc/kaleidoscope/src/EloquentBuilder.php">
        <class name="EloquentBuilder" namespace="Gregoriohc\Kaleidoscope">
          <metrics methods="3" coveredmethods="2" conditionals="0" coveredconditionals="0" statements="28" coveredstatements="23" elements="31" coveredelements="25"/>
        </class>
        <line num="27" type="method" name="paginate" crap="8.25" count="3"/>
        <line num="29" type="stmt" count="3"/>
        <line num="30" type="stmt" count="3"/>
        <line num="32" type="stmt" count="3"/>
        <line num="34" type="stmt" count="3"/>
        <line num="36" type="stmt" count="3"/>
        <line num="38" type="stmt" count="3"/>
        <line num="40" type="stmt" count="0"/>
        <line num="42" type="stmt" count="0"/>
        <line num="43" type="stmt" count="0"/>
        <line num="44" type="stmt" count="0"/>
        <line num="47" type="stmt" count="0"/>
        <line num="50" type="stmt" count="3"/>
        <line num="51" type="stmt" count="3"/>
        <line num="52" type="stmt" count="3"/>
        <line num="55" type="stmt" count="3"/>
        <line num="57" type="stmt" count="3"/>
        <line num="59" type="stmt" count="3"/>
        <line num="71" type="method" name="simplePaginate" crap="3" count="1"/>
        <line num="73" type="stmt" count="1"/>
        <line num="75" type="stmt" count="1"/>
        <line num="77" type="stmt" count="1"/>
        <line num="79" type="stmt" count="1"/>
        <line num="80" type="stmt" count="1"/>
        <line num="81" type="stmt" count="1"/>
        <line num="84" type="stmt" count="1"/>
        <line num="86" type="stmt" count="1"/>
        <line num="88" type="stmt" count="1"/>
        <line num="94" type="method" name="setFractalizableModel" crap="1" count="6"/>
        <line num="96" type="stmt" count="6"/>
        <line num="97" type="stmt" count="6"/>
        <metrics loc="97" ncloc="67" classes="1" methods="3" coveredmethods="2" conditionals="0" coveredconditionals="0" statements="28" coveredstatements="23" elements="31" coveredelements="25"/>
      </file>
      <file name="/Users/gregoriohc/dev/code/web/devpackages/wendor/gregoriohc/kaleidoscope/src/Fractalizable.php">
        <class name="Fractalizable" namespace="Gregoriohc\Kaleidoscope">
          <metrics methods="9" coveredmethods="9" conditionals="0" coveredconditionals="0" statements="24" coveredstatements="24" elements="33" coveredelements="33"/>
        </class>
        <line num="31" type="method" name="toArray" crap="1" count="2"/>
        <line num="33" type="stmt" count="2"/>
        <line num="35" type="stmt" count="2"/>
        <line num="37" type="stmt" count="2"/>
        <line num="39" type="stmt" count="2"/>
        <line num="47" type="method" name="newEloquentBuilder" crap="1" count="6"/>
        <line num="49" type="stmt" count="6"/>
        <line num="52" type="stmt" count="6"/>
        <line num="54" type="stmt" count="6"/>
        <line num="60" type="method" name="newBaseQueryBuilder" crap="1" count="6"/>
        <line num="62" type="stmt" count="6"/>
        <line num="64" type="stmt" count="6"/>
        <line num="66" type="stmt" count="6"/>
        <line num="69" type="stmt" count="6"/>
        <line num="71" type="stmt" count="6"/>
        <line num="78" type="method" name="setSerializer" crap="1" count="1"/>
        <line num="80" type="stmt" count="1"/>
        <line num="81" type="stmt" count="1"/>
        <line num="86" type="method" name="getSerializer" crap="2" count="4"/>
        <line num="88" type="stmt" count="4"/>
        <line num="95" type="method" name="setTransformer" crap="1" count="5"/>
        <line num="97" type="stmt" count="5"/>
        <line num="98" type="stmt" count="5"/>
        <line num="105" type="method" name="anonymous function" crap="1" count="6"/>
        <line num="106" type="stmt" count="3"/>
        <line num="108" type="stmt" count="3"/>
        <line num="109" type="stmt" count="6"/>
        <line num="115" type="method" name="getResourceKey" crap="1" count="4"/>
        <line num="117" type="stmt" count="4"/>
        <line num="123" type="method" name="getPaginatorLinksBasePath" crap="3" count="4"/>
        <line num="125" type="stmt" count="4"/>
        <line num="127" type="stmt" count="4"/>
        <line num="129" type="stmt" count="4"/>
        <metrics loc="130" ncloc="89" classes="1" methods="9" coveredmethods="9" conditionals="0" coveredconditionals="0" statements="24" coveredstatements="24" elements="33" coveredelements="33"/>
      </file>
      <file name="/Users/gregoriohc/dev/code/web/devpackages/wendor/gregoriohc/kaleidoscope/src/LengthAwarePaginator.php">
        <class name="LengthAwarePaginator" namespace="Gregoriohc\Kaleidoscope">
          <metrics methods="6" coveredmethods="6" conditionals="0" coveredconditionals="0" statements="20" coveredstatements="20" elements="26" coveredelements="26"/>
        </class>
        <line num="22" type="method" name="toArray" crap="1" count="3"/>
        <line num="24" type="stmt" count="3"/>
        <line num="26" type="stmt" count="3"/>
        <line num="28" type="stmt" count="3"/>
        <line num="30" type="stmt" count="3"/>
        <line num="36" type="method" name="setFractalizableModel" crap="1" count="3"/>
        <line num="38" type="stmt" count="3"/>
        <line num="39" type="stmt" count="3"/>
        <line num="46" type="method" name="getExtras" crap="1" count="3"/>
        <line num="49" type="stmt" count="3"/>
        <line num="50" type="stmt" count="3"/>
        <line num="51" type="stmt" count="3"/>
        <line num="52" type="stmt" count="3"/>
        <line num="53" type="stmt" count="3"/>
        <line num="54" type="stmt" count="3"/>
        <line num="57" type="stmt" count="3"/>
        <line num="58" type="stmt" count="3"/>
        <line num="59" type="stmt" count="3"/>
        <line num="60" type="stmt" count="3"/>
        <line num="61" type="stmt" count="3"/>
        <line num="71" type="method" name="selfPageUrl" crap="1" count="3"/>
        <line num="73" type="stmt" count="3"/>
        <line num="81" type="method" name="firstPageUrl" crap="1" count="3"/>
        <line num="83" type="stmt" count="3"/>
        <line num="91" type="method" name="lastPageUrl" crap="1" count="3"/>
        <line num="93" type="stmt" count="3"/>
        <metrics loc="94" ncloc="63" classes="1" methods="6" coveredmethods="6" conditionals="0" coveredconditionals="0" statements="20" coveredstatements="20" elements="26" coveredelements="26"/>
      </file>
      <file name="/Users/gregoriohc/dev/code/web/devpackages/wendor/gregoriohc/kaleidoscope/src/Paginator.php">
        <class name="Paginator" namespace="Gregoriohc\Kaleidoscope">
          <metrics methods="4" coveredmethods="3" conditionals="0" coveredconditionals="0" statements="14" coveredstatements="13" elements="18" coveredelements="16"/>
        </class>
        <line num="22" type="method" name="toArray" crap="1" count="1"/>
        <line num="24" type="stmt" count="1"/>
        <line num="26" type="stmt" count="1"/>
        <line num="28" type="stmt" count="1"/>
        <line num="30" type="stmt" count="1"/>
        <line num="36" type="method" name="setFractalizableModel" crap="1" count="1"/>
        <line num="38" type="stmt" count="1"/>
        <line num="39" type="stmt" count="1"/>
        <line num="46" type="method" name="getExtras" crap="1" count="1"/>
        <line num="49" type="stmt" count="1"/>
        <line num="50" type="stmt" count="1"/>
        <line num="51" type="stmt" count="1"/>
        <line num="52" type="stmt" count="1"/>
        <line num="55" type="stmt" count="1"/>
        <line num="56" type="stmt" count="1"/>
        <line num="57" type="stmt" count="1"/>
        <line num="67" type="method" name="selfPageUrl" crap="2" count="0"/>
        <line num="69" type="stmt" count="0"/>
        <metrics loc="70" ncloc="49" classes="1" methods="4" coveredmethods="3" conditionals="0" coveredconditionals="0" statements="14" coveredstatements="13" elements="18" coveredelements="16"/>
      </file>
      <file name="/Users/gregoriohc/dev/code/web/devpackages/wendor/gregoriohc/kaleidoscope/src/QueryBuilder.php">
        <class name="QueryBuilder" namespace="Gregoriohc\Kaleidoscope">
          <metrics methods="3" coveredmethods="1" conditionals="0" coveredconditionals="0" statements="19" coveredstatements="2" elements="22" coveredelements="3"/>
        </class>
        <line num="24" type="method" name="paginate" crap="12" count="0"/>
        <line num="26" type="stmt" count="0"/>
        <line num="28" type="stmt" count="0"/>
        <line num="30" type="stmt" count="0"/>
        <line num="32" type="stmt" count="0"/>
        <line num="33" type="stmt" count="0"/>
        <line num="34" type="stmt" count="0"/>
        <line num="37" type="stmt" count="0"/>
        <line num="39" type="stmt" count="0"/>
        <line num="41" type="stmt" count="0"/>
        <line num="55" type="method" name="simplePaginate" crap="6" count="0"/>
        <line num="57" type="stmt" count="0"/>
        <line num="59" type="stmt" count="0"/>
        <line num="61" type="stmt" count="0"/>
        <line num="62" type="stmt" count="0"/>
        <line num="63" type="stmt" count="0"/>
        <line num="66" type="stmt" count="0"/>
        <line num="68" type="stmt" count="0"/>
        <line num="70" type="stmt" count="0"/>
        <line num="76" type="method" name="setFractalizableModel" crap="1" count="6"/>
        <line num="78" type="stmt" count="6"/>
        <line num="79" type="stmt" count="6"/>
        <metrics loc="79" ncloc="53" classes="1" methods="3" coveredmethods="1" conditionals="0" coveredconditionals="0" statements="19" coveredstatements="2" elements="22" coveredelements="3"/>
      </file>
    </package>
    <metrics files="5" loc="470" ncloc="321" classes="5" methods="25" coveredmethods="21" conditionals="0" coveredconditionals="0" statements="105" coveredstatements="82" elements="130" coveredelements="103"/>
  </project>
</coverage>
